<?xml version="1.0" encoding="UTF-8"?>
<testsuite xmlns:xsi="http://www.w3.org/2001/XMLSchema-instance" xsi:noNamespaceSchemaLocation="https://maven.apache.org/surefire/maven-surefire-plugin/xsd/surefire-test-report.xsd" name="be.pxl.jav.AppTest" time="0.008" tests="1" errors="0" skipped="0" failures="0">
  <properties>
    <property name="sun.desktop" value="gnome"/>
    <property name="awt.toolkit" value="sun.awt.X11.XToolkit"/>
    <property name="java.specification.version" value="11"/>
    <property name="sun.cpu.isalist" value=""/>
    <property name="sun.jnu.encoding" value="UTF-8"/>
    <property name="java.class.path" value="/home/sven/IdeaProjects/pdfreader/pdfreader/target/test-classes:/home/sven/IdeaProjects/pdfreader/pdfreader/target/classes:/home/sven/.m2/repository/junit/junit/4.11/junit-4.11.jar:/home/sven/.m2/repository/org/hamcrest/hamcrest-core/1.3/hamcrest-core-1.3.jar:/home/sven/.m2/repository/org/apache/logging/log4j/log4j-api/2.1/log4j-api-2.1.jar:/home/sven/.m2/repository/org/apache/logging/log4j/log4j-core/2.1/log4j-core-2.1.jar:/home/sven/.m2/repository/com/itextpdf/itextpdf/5.5.13.2/itextpdf-5.5.13.2.jar:"/>
    <property name="java.vm.vendor" value="Ubuntu"/>
    <property name="sun.arch.data.model" value="64"/>
    <property name="java.vendor.url" value="https://ubuntu.com/"/>
    <property name="user.timezone" value=""/>
    <property name="java.vm.specification.version" value="11"/>
    <property name="os.name" value="Linux"/>
    <property name="sun.java.launcher" value="SUN_STANDARD"/>
    <property name="user.country" value="BE"/>
    <property name="sun.boot.library.path" value="/usr/lib/jvm/java-11-openjdk-amd64/lib"/>
    <property name="sun.java.command" value="/home/sven/IdeaProjects/pdfreader/pdfreader/target/surefire/surefirebooter5401556301734843000.jar /home/sven/IdeaProjects/pdfreader/pdfreader/target/surefire 2021-03-28T09-04-09_873-jvmRun1 surefire7737095286895010034tmp surefire_042479452394230381tmp"/>
    <property name="jdk.debug" value="release"/>
    <property name="surefire.test.class.path" value="/home/sven/IdeaProjects/pdfreader/pdfreader/target/test-classes:/home/sven/IdeaProjects/pdfreader/pdfreader/target/classes:/home/sven/.m2/repository/junit/junit/4.11/junit-4.11.jar:/home/sven/.m2/repository/org/hamcrest/hamcrest-core/1.3/hamcrest-core-1.3.jar:/home/sven/.m2/repository/org/apache/logging/log4j/log4j-api/2.1/log4j-api-2.1.jar:/home/sven/.m2/repository/org/apache/logging/log4j/log4j-core/2.1/log4j-core-2.1.jar:/home/sven/.m2/repository/com/itextpdf/itextpdf/5.5.13.2/itextpdf-5.5.13.2.jar:"/>
    <property name="sun.cpu.endian" value="little"/>
    <property name="user.home" value="/home/sven"/>
    <property name="user.language" value="nl"/>
    <property name="java.specification.vendor" value="Oracle Corporation"/>
    <property name="java.version.date" value="2021-01-19"/>
    <property name="java.home" value="/usr/lib/jvm/java-11-openjdk-amd64"/>
    <property name="file.separator" value="/"/>
    <property name="basedir" value="/home/sven/IdeaProjects/pdfreader/pdfreader"/>
    <property name="java.vm.compressedOopsMode" value="Zero based"/>
    <property name="line.separator" value="&#10;"/>
    <property name="java.specification.name" value="Java Platform API Specification"/>
    <property name="java.vm.specification.vendor" value="Oracle Corporation"/>
    <property name="java.awt.graphicsenv" value="sun.awt.X11GraphicsEnvironment"/>
    <property name="surefire.real.class.path" value="/home/sven/IdeaProjects/pdfreader/pdfreader/target/surefire/surefirebooter5401556301734843000.jar"/>
    <property name="sun.management.compiler" value="HotSpot 64-Bit Tiered Compilers"/>
    <property name="java.runtime.version" value="11.0.10+9-Ubuntu-0ubuntu1.20.04"/>
    <property name="user.name" value="sven"/>
    <property name="path.separator" value=":"/>
    <property name="os.version" value="5.8.0-48-generic"/>
    <property name="java.runtime.name" value="OpenJDK Runtime Environment"/>
    <property name="file.encoding" value="UTF-8"/>
    <property name="java.vm.name" value="OpenJDK 64-Bit Server VM"/>
    <property name="localRepository" value="/home/sven/.m2/repository"/>
    <property name="java.vendor.url.bug" value="https://bugs.launchpad.net/ubuntu/+source/openjdk-lts"/>
    <property name="java.io.tmpdir" value="/tmp"/>
    <property name="java.version" value="11.0.10"/>
    <property name="user.dir" value="/home/sven/IdeaProjects/pdfreader/pdfreader"/>
    <property name="os.arch" value="amd64"/>
    <property name="java.vm.specification.name" value="Java Virtual Machine Specification"/>
    <property name="java.awt.printerjob" value="sun.print.PSPrinterJob"/>
    <property name="sun.os.patch.level" value="unknown"/>
    <property name="java.library.path" value="/usr/java/packages/lib:/usr/lib/x86_64-linux-gnu/jni:/lib/x86_64-linux-gnu:/usr/lib/x86_64-linux-gnu:/usr/lib/jni:/lib:/usr/lib"/>
    <property name="java.vm.info" value="mixed mode, sharing"/>
    <property name="java.vendor" value="Ubuntu"/>
    <property name="java.vm.version" value="11.0.10+9-Ubuntu-0ubuntu1.20.04"/>
    <property name="sun.io.unicode.encoding" value="UnicodeLittle"/>
    <property name="java.class.version" value="55.0"/>
  </properties>
  <testcase name="shouldAnswerWithTrue" classname="be.pxl.jav.AppTest" time="0.001"/>
</testsuite>